"Start of log file."
"C:/Users/henri/DOCUME~1/PROJEC~1/Assets/3DSMAX~1/DJENGA~2.MAX"
"Starting max loading and fbx conversion"
window = undefined
"Settings units"
"Before fbx export"
"After fbx export"
"Finished max loading and fbx conversion"
"C:/Users/henri/DOCUME~1/PROJEC~1/Assets/3DSMAX~1/DJENGA~1.MAX"
"Starting max loading and fbx conversion"
window = undefined
"Settings units"
"Before fbx export"
"After fbx export"
"Finished max loading and fbx conversion"
"C:/Users/henri/DOCUME~1/PROJEC~1/Assets/CONSTR~1.MAX"
"Starting max loading and fbx conversion"
window = undefined
"Settings units"
"Before fbx export"
"After fbx export"
"Finished max loading and fbx conversion"
"C:/Users/henri/DOCUME~1/PROJEC~1/Assets/3DSMAX~1/HAUTDJ~1.MAX"
"Starting max loading and fbx conversion"
window = undefined
"Settings units"
"Before fbx export"
"After fbx export"
"Finished max loading and fbx conversion"
"C:/Users/henri/DOCUME~1/PROJEC~1/Assets/3DSMAX~1/BASEDJ~1.MAX"
"Starting max loading and fbx conversion"
window = undefined
"Settings units"
"Before fbx export"
"After fbx export"
"Finished max loading and fbx conversion"
